\BOOKMARK [1][-]{section.1}{Linear Regression Model}{}% 1
\BOOKMARK [2][-]{subsection.1.1}{Representing the Model}{section.1}% 2
\BOOKMARK [2][-]{subsection.1.2}{Cost Function}{section.1}% 3
\BOOKMARK [2][-]{subsection.1.3}{Visualizing the Cost Function}{section.1}% 4
\BOOKMARK [2][-]{subsection.1.4}{Gradient Descent}{section.1}% 5
\BOOKMARK [3][-]{subsubsection.1.4.1}{Formula}{subsection.1.4}% 6
\BOOKMARK [3][-]{subsubsection.1.4.2}{The Learning Rate}{subsection.1.4}% 7
\BOOKMARK [3][-]{subsubsection.1.4.3}{More on the Formula}{subsection.1.4}% 8
\BOOKMARK [3][-]{subsubsection.1.4.4}{Gradient Descent in Action}{subsection.1.4}% 9
\BOOKMARK [1][-]{section.2}{Linear Model with Multiple Features}{}% 10
\BOOKMARK [2][-]{subsection.2.1}{Notation}{section.2}% 11
\BOOKMARK [2][-]{subsection.2.2}{Model}{section.2}% 12
\BOOKMARK [2][-]{subsection.2.3}{Vectorization}{section.2}% 13
\BOOKMARK [3][-]{subsubsection.2.3.1}{The least effective way}{subsection.2.3}% 14
\BOOKMARK [3][-]{subsubsection.2.3.2}{A more effective way}{subsection.2.3}% 15
\BOOKMARK [3][-]{subsubsection.2.3.3}{The most effective way - Vectorization}{subsection.2.3}% 16
\BOOKMARK [2][-]{subsection.2.4}{Gradient Descent for Multiple Regression}{section.2}% 17
\BOOKMARK [1][-]{section.3}{Practical Tips for Linear Regression}{}% 18
\BOOKMARK [2][-]{subsection.3.1}{Feature Scaling}{section.3}% 19
\BOOKMARK [3][-]{subsubsection.3.1.1}{Mean Normalization}{subsection.3.1}% 20
\BOOKMARK [3][-]{subsubsection.3.1.2}{Z-Score Normalization}{subsection.3.1}% 21
\BOOKMARK [2][-]{subsection.3.2}{Checking Gradient Descent for Convergence}{section.3}% 22
\BOOKMARK [3][-]{subsubsection.3.2.1}{Drawing the diagram of the cost function}{subsection.3.2}% 23
\BOOKMARK [3][-]{subsubsection.3.2.2}{The Automatics Convergence Test}{subsection.3.2}% 24
\BOOKMARK [2][-]{subsection.3.3}{Choosing the Learning Rate}{section.3}% 25
\BOOKMARK [2][-]{subsection.3.4}{Feature Engineering}{section.3}% 26
\BOOKMARK [2][-]{subsection.3.5}{Polynomial Regression}{section.3}% 27
\BOOKMARK [1][-]{section.4}{Classification - Logistic Regression}{}% 28
\BOOKMARK [2][-]{subsection.4.1}{Motivations}{section.4}% 29
\BOOKMARK [2][-]{subsection.4.2}{Logistic Regression}{section.4}% 30
\BOOKMARK [2][-]{subsection.4.3}{Decision Boundary}{section.4}% 31
\BOOKMARK [2][-]{subsection.4.4}{Cost Function for Logistic Regression}{section.4}% 32
\BOOKMARK [2][-]{subsection.4.5}{Gradient Descent for Logistic Regression}{section.4}% 33
\BOOKMARK [1][-]{section.5}{Overfitting and Regularization}{}% 34
\BOOKMARK [2][-]{subsection.5.1}{The Problem of Overfitting}{section.5}% 35
\BOOKMARK [2][-]{subsection.5.2}{Addressing Overfitting}{section.5}% 36
\BOOKMARK [2][-]{subsection.5.3}{Regularization}{section.5}% 37
\BOOKMARK [2][-]{subsection.5.4}{Regularized Linear regression}{section.5}% 38
\BOOKMARK [2][-]{subsection.5.5}{Regularized Logistic Regression}{section.5}% 39
