\BOOKMARK [1][-]{section.1}{1 Preface}{}% 1
\BOOKMARK [1][-]{section.2}{2 Review - Pre-Calculus \046 Derivative}{}% 2
\BOOKMARK [2][-]{subsection.2.1}{2.1 Inverse Functions}{section.2}% 3
\BOOKMARK [2][-]{subsection.2.2}{2.2 Exponentials and Logs}{section.2}% 4
\BOOKMARK [2][-]{subsection.2.3}{2.3 Derivatives}{section.2}% 5
\BOOKMARK [2][-]{subsection.2.4}{2.4 Inverse Trigonometric Functions}{section.2}% 6
\BOOKMARK [1][-]{section.3}{3 Integration Technics}{}% 7
\BOOKMARK [2][-]{subsection.3.1}{3.1 Integration by Parts}{section.3}% 8
\BOOKMARK [2][-]{subsection.3.2}{3.2 Trigonometric Integrals}{section.3}% 9
\BOOKMARK [2][-]{subsection.3.3}{3.3 Trigonometric Substitutions}{section.3}% 10
\BOOKMARK [2][-]{subsection.3.4}{3.4 Partial Fractions}{section.3}% 11
\BOOKMARK [2][-]{subsection.3.5}{3.5 Improper Integrals}{section.3}% 12
\BOOKMARK [3][-]{subsubsection.3.5.1}{3.5.1 Type I Improper Integrals: Infinite Intervals}{subsection.3.5}% 13
\BOOKMARK [3][-]{subsubsection.3.5.2}{3.5.2 Type II improper Integrals: Discontinuous Integrals}{subsection.3.5}% 14
\BOOKMARK [1][-]{section.4}{4 Differential Equations}{}% 15
\BOOKMARK [2][-]{subsection.4.1}{4.1 Introduction to Ordinary Differential Equations}{section.4}% 16
\BOOKMARK [2][-]{subsection.4.2}{4.2 Direction Fields and Euler's Method to Solve ODEs}{section.4}% 17
\BOOKMARK [2][-]{subsection.4.3}{4.3 Separate Variables to Solve ODEs}{section.4}% 18
\BOOKMARK [2][-]{subsection.4.4}{4.4 ODE Models for Population Growth}{section.4}% 19
\BOOKMARK [2][-]{subsection.4.5}{4.5 Linear Equations}{section.4}% 20
\BOOKMARK [1][-]{section.5}{5 Series}{}% 21
\BOOKMARK [2][-]{subsection.5.1}{5.1 Sequences}{section.5}% 22
\BOOKMARK [2][-]{subsection.5.2}{5.2 Infinite Series}{section.5}% 23
\BOOKMARK [2][-]{subsection.5.3}{5.3 Integral Test and Estimates of Sums}{section.5}% 24
\BOOKMARK [2][-]{subsection.5.4}{5.4 Comparison Tests}{section.5}% 25
\BOOKMARK [2][-]{subsection.5.5}{5.5 Alternating Series Test}{section.5}% 26
\BOOKMARK [2][-]{subsection.5.6}{5.6 Absolute Convergence and the Ratio and Root Tests}{section.5}% 27
\BOOKMARK [2][-]{subsection.5.7}{5.7 Practice Using Various Tests for Series}{section.5}% 28
\BOOKMARK [2][-]{subsection.5.8}{5.8 Power Series}{section.5}% 29
\BOOKMARK [2][-]{subsection.5.9}{5.9 Representation of Functions as Power Series}{section.5}% 30
\BOOKMARK [2][-]{subsection.5.10}{5.10 Maclaurin and Taylor Series}{section.5}% 31
\BOOKMARK [2][-]{subsection.5.11}{5.11 Application of Taylor Polynomials}{section.5}% 32
\BOOKMARK [3][-]{subsubsection.5.11.1}{5.11.1 Taylor Inequality}{subsection.5.11}% 33
\BOOKMARK [3][-]{subsubsection.5.11.2}{5.11.2 Approximating Derivatives}{subsection.5.11}% 34
\BOOKMARK [1][-]{section.6}{6 Parametric Equations \046 Polar Coordinate}{}% 35
\BOOKMARK [2][-]{subsection.6.1}{6.1 Parametric Equations}{section.6}% 36
\BOOKMARK [2][-]{subsection.6.2}{6.2 Calculus with Parametric Curves}{section.6}% 37
\BOOKMARK [2][-]{subsection.6.3}{6.3 Polar Coordinate}{section.6}% 38
