\BOOKMARK [1][-]{section.1}{Systems of Linear Equations}{}% 1
\BOOKMARK [2][-]{subsection.1.1}{Solving Systems of Linear Equations}{section.1}% 2
\BOOKMARK [2][-]{subsection.1.2}{Row Reduction}{section.1}% 3
\BOOKMARK [2][-]{subsection.1.3}{Parametric Form}{section.1}% 4
\BOOKMARK [1][-]{section.2}{Vector Equations and Linear Transformations}{}% 5
\BOOKMARK [2][-]{subsection.2.1}{Vectors}{section.2}% 6
\BOOKMARK [2][-]{subsection.2.2}{Vector Equations}{section.2}% 7
\BOOKMARK [2][-]{subsection.2.3}{Linear Transformation}{section.2}% 8
\BOOKMARK [1][-]{section.3}{Matrices}{}% 9
\BOOKMARK [2][-]{subsection.3.1}{Matrix Multiplication}{section.3}% 10
\BOOKMARK [2][-]{subsection.3.2}{Invertible Matrices}{section.3}% 11
\BOOKMARK [2][-]{subsection.3.3}{Kernel of a Matrix}{section.3}% 12
\BOOKMARK [1][-]{section.4}{Spaces and Dimensions}{}% 13
\BOOKMARK [2][-]{subsection.4.1}{Subspaces and Bases}{section.4}% 14
\BOOKMARK [2][-]{subsection.4.2}{The Rank-Nullity Theorem}{section.4}% 15
\BOOKMARK [2][-]{subsection.4.3}{Coordinates}{section.4}% 16
\BOOKMARK [1][-]{section.5}{Approximate Solution of A=}{}% 17
\BOOKMARK [2][-]{subsection.5.1}{Lengths and Angles in Rn}{section.5}% 18
\BOOKMARK [2][-]{subsection.5.2}{Orthogonal Projection}{section.5}% 19
\BOOKMARK [2][-]{subsection.5.3}{Graph Fitting}{section.5}% 20
\BOOKMARK [2][-]{subsection.5.4}{Orthogonal Linear Transformation}{section.5}% 21
\BOOKMARK [2][-]{subsection.5.5}{Gram-Schmidt Process and QR Factorization}{section.5}% 22
\BOOKMARK [1][-]{section.6}{Determinant}{}% 23
\BOOKMARK [2][-]{subsection.6.1}{The Definition of the Determinant}{section.6}% 24
\BOOKMARK [2][-]{subsection.6.2}{Computing the Determinant}{section.6}% 25
\BOOKMARK [2][-]{subsection.6.3}{The Multiplicativity of the Determinant and Other Properties}{section.6}% 26
\BOOKMARK [1][-]{section.7}{Eigenvalues and Eigenvectors}{}% 27
\BOOKMARK [2][-]{subsection.7.1}{Computing Ak}{section.7}% 28
\BOOKMARK [2][-]{subsection.7.2}{Diagonalization}{section.7}% 29
\BOOKMARK [2][-]{subsection.7.3}{Procedure of Finding an Eigenbasis}{section.7}% 30
\BOOKMARK [2][-]{subsection.7.4}{Multiplicity}{section.7}% 31
\BOOKMARK [1][-]{section.8}{Singular Value Decomposition}{}% 32
\BOOKMARK [2][-]{subsection.8.1}{The Spectral Theorem}{section.8}% 33
\BOOKMARK [2][-]{subsection.8.2}{Quadratic Forms and the Principal Axis Theorem}{section.8}% 34
